<?xml version="1.0" encoding="UTF-8"?>
<!-- Generated by org.testng.reporters.JUnitXMLReporter -->
<testsuite hostname="Jaffer-Macbook" ignored="0" name="Kira Sanity Tests" tests="4" failures="0" timestamp="02 Aug 2021 22:24:05 GMT" time="23.054" errors="0">
  <testcase name="searchKiraSystems" time="5.58" classname="com.kirasystems.seleniumtests.KiraSystemsSanityCheck"/>
  <testcase name="getUpdatesonArrivals" time="3.478" classname="com.kirasystems.apitests.GETArrivalUpdates"/>
  <testcase name="getUpdatesonArrivals" time="0.302" classname="com.kirasystems.apitests.GETArrivalUpdates"/>
  <testcase name="getUpdatesonArrivals" time="0.315" classname="com.kirasystems.apitests.GETArrivalUpdates"/>
</testsuite> <!-- Kira Sanity Tests -->
