<?xml version="1.0" encoding="UTF-8"?>
<!-- Generated by org.testng.reporters.JUnitXMLReporter -->
<testsuite hostname="Jaffer-Macbook" ignored="0" name="Default test" tests="3" failures="0" timestamp="02 Aug 2021 22:18:55 GMT" time="4.837" errors="0">
  <testcase name="getUpdatesonArrivals" time="4.239" classname="com.kirasystems.apitests.GETArrivalUpdates"/>
  <testcase name="getUpdatesonArrivals" time="0.27" classname="com.kirasystems.apitests.GETArrivalUpdates"/>
  <testcase name="getUpdatesonArrivals" time="0.264" classname="com.kirasystems.apitests.GETArrivalUpdates"/>
</testsuite> <!-- Default test -->
